CRITICAL - 2024-03-26 14:23:39 --> ErrorException: Undefined variable $title
in APPPATH\Views\layout\template.php on line 8.
 1 APPPATH\Views\layout\template.php(8): CodeIgniter\Debug\Exceptions->errorHandler(2, 'Undefined variable $title', 'D:\\cahya2\\pemweb\\pertemuan-4\\app\\Views\\layout\\template.php', 8)
 2 SYSTEMPATH\View\View.php(228): include('D:\\cahya2\\pemweb\\pertemuan-4\\app\\Views\\layout\\template.php')
 3 SYSTEMPATH\View\View.php(231): CodeIgniter\View\View->CodeIgniter\View\{closure}()
 4 SYSTEMPATH\View\View.php(244): CodeIgniter\View\View->render('layout/template', [], true)
 5 SYSTEMPATH\Common.php(1178): CodeIgniter\View\View->render('books/index', [], true)
 6 APPPATH\Controllers\Books.php(13): view('books/index', [...])
 7 SYSTEMPATH\CodeIgniter.php(941): App\Controllers\Books->index()
 8 SYSTEMPATH\CodeIgniter.php(502): CodeIgniter\CodeIgniter->runController(Object(App\Controllers\Books))
 9 SYSTEMPATH\CodeIgniter.php(361): CodeIgniter\CodeIgniter->handleRequest(null, Object(Config\Cache), false)
10 FCPATH\index.php(79): CodeIgniter\CodeIgniter->run()
11 SYSTEMPATH\Commands\Server\rewrite.php(47): require_once('D:\\cahya2\\pemweb\\pertemuan-4\\public\\index.php')
CRITICAL - 2024-03-26 14:24:39 --> ErrorException: Undefined variable $title
in APPPATH\Views\layout\template.php on line 8.
 1 APPPATH\Views\layout\template.php(8): CodeIgniter\Debug\Exceptions->errorHandler(2, 'Undefined variable $title', 'D:\\cahya2\\pemweb\\pertemuan-4\\app\\Views\\layout\\template.php', 8)
 2 SYSTEMPATH\View\View.php(228): include('D:\\cahya2\\pemweb\\pertemuan-4\\app\\Views\\layout\\template.php')
 3 SYSTEMPATH\View\View.php(231): CodeIgniter\View\View->CodeIgniter\View\{closure}()
 4 SYSTEMPATH\View\View.php(244): CodeIgniter\View\View->render('layout/template', [], true)
 5 SYSTEMPATH\Common.php(1178): CodeIgniter\View\View->render('books/index', [], true)
 6 APPPATH\Controllers\Books.php(13): view('books/index', [...])
 7 SYSTEMPATH\CodeIgniter.php(941): App\Controllers\Books->index()
 8 SYSTEMPATH\CodeIgniter.php(502): CodeIgniter\CodeIgniter->runController(Object(App\Controllers\Books))
 9 SYSTEMPATH\CodeIgniter.php(361): CodeIgniter\CodeIgniter->handleRequest(null, Object(Config\Cache), false)
10 FCPATH\index.php(79): CodeIgniter\CodeIgniter->run()
11 SYSTEMPATH\Commands\Server\rewrite.php(47): require_once('D:\\cahya2\\pemweb\\pertemuan-4\\public\\index.php')
CRITICAL - 2024-03-26 14:24:39 --> ErrorException: Undefined variable $title
in APPPATH\Views\layout\template.php on line 8.
 1 APPPATH\Views\layout\template.php(8): CodeIgniter\Debug\Exceptions->errorHandler(2, 'Undefined variable $title', 'D:\\cahya2\\pemweb\\pertemuan-4\\app\\Views\\layout\\template.php', 8)
 2 SYSTEMPATH\View\View.php(228): include('D:\\cahya2\\pemweb\\pertemuan-4\\app\\Views\\layout\\template.php')
 3 SYSTEMPATH\View\View.php(231): CodeIgniter\View\View->CodeIgniter\View\{closure}()
 4 SYSTEMPATH\View\View.php(244): CodeIgniter\View\View->render('layout/template', [], true)
 5 SYSTEMPATH\Common.php(1178): CodeIgniter\View\View->render('books/index', [], true)
 6 APPPATH\Controllers\Books.php(13): view('books/index', [...])
 7 SYSTEMPATH\CodeIgniter.php(941): App\Controllers\Books->index()
 8 SYSTEMPATH\CodeIgniter.php(502): CodeIgniter\CodeIgniter->runController(Object(App\Controllers\Books))
 9 SYSTEMPATH\CodeIgniter.php(361): CodeIgniter\CodeIgniter->handleRequest(null, Object(Config\Cache), false)
10 FCPATH\index.php(79): CodeIgniter\CodeIgniter->run()
11 SYSTEMPATH\Commands\Server\rewrite.php(47): require_once('D:\\cahya2\\pemweb\\pertemuan-4\\public\\index.php')
CRITICAL - 2024-03-26 14:24:40 --> ErrorException: Undefined variable $title
in APPPATH\Views\layout\template.php on line 8.
 1 APPPATH\Views\layout\template.php(8): CodeIgniter\Debug\Exceptions->errorHandler(2, 'Undefined variable $title', 'D:\\cahya2\\pemweb\\pertemuan-4\\app\\Views\\layout\\template.php', 8)
 2 SYSTEMPATH\View\View.php(228): include('D:\\cahya2\\pemweb\\pertemuan-4\\app\\Views\\layout\\template.php')
 3 SYSTEMPATH\View\View.php(231): CodeIgniter\View\View->CodeIgniter\View\{closure}()
 4 SYSTEMPATH\View\View.php(244): CodeIgniter\View\View->render('layout/template', [], true)
 5 SYSTEMPATH\Common.php(1178): CodeIgniter\View\View->render('books/index', [], true)
 6 APPPATH\Controllers\Books.php(13): view('books/index', [...])
 7 SYSTEMPATH\CodeIgniter.php(941): App\Controllers\Books->index()
 8 SYSTEMPATH\CodeIgniter.php(502): CodeIgniter\CodeIgniter->runController(Object(App\Controllers\Books))
 9 SYSTEMPATH\CodeIgniter.php(361): CodeIgniter\CodeIgniter->handleRequest(null, Object(Config\Cache), false)
10 FCPATH\index.php(79): CodeIgniter\CodeIgniter->run()
11 SYSTEMPATH\Commands\Server\rewrite.php(47): require_once('D:\\cahya2\\pemweb\\pertemuan-4\\public\\index.php')
CRITICAL - 2024-03-26 14:24:40 --> ErrorException: Undefined variable $title
in APPPATH\Views\layout\template.php on line 8.
 1 APPPATH\Views\layout\template.php(8): CodeIgniter\Debug\Exceptions->errorHandler(2, 'Undefined variable $title', 'D:\\cahya2\\pemweb\\pertemuan-4\\app\\Views\\layout\\template.php', 8)
 2 SYSTEMPATH\View\View.php(228): include('D:\\cahya2\\pemweb\\pertemuan-4\\app\\Views\\layout\\template.php')
 3 SYSTEMPATH\View\View.php(231): CodeIgniter\View\View->CodeIgniter\View\{closure}()
 4 SYSTEMPATH\View\View.php(244): CodeIgniter\View\View->render('layout/template', [], true)
 5 SYSTEMPATH\Common.php(1178): CodeIgniter\View\View->render('books/index', [], true)
 6 APPPATH\Controllers\Books.php(13): view('books/index', [...])
 7 SYSTEMPATH\CodeIgniter.php(941): App\Controllers\Books->index()
 8 SYSTEMPATH\CodeIgniter.php(502): CodeIgniter\CodeIgniter->runController(Object(App\Controllers\Books))
 9 SYSTEMPATH\CodeIgniter.php(361): CodeIgniter\CodeIgniter->handleRequest(null, Object(Config\Cache), false)
10 FCPATH\index.php(79): CodeIgniter\CodeIgniter->run()
11 SYSTEMPATH\Commands\Server\rewrite.php(47): require_once('D:\\cahya2\\pemweb\\pertemuan-4\\public\\index.php')
