CRITICAL - 2024-03-28 05:27:35 --> ErrorException: Undefined property: App\Controllers\Books::$booksModel
in APPPATH\Controllers\Books.php on line 29.
 1 APPPATH\Controllers\Books.php(29): CodeIgniter\Debug\Exceptions->errorHandler(2, 'Undefined property: App\\Controllers\\Books::$booksModel', 'D:\\cahya2\\pemweb\\pertemuan-4\\app\\Controllers\\Books.php', 29)
 2 SYSTEMPATH\CodeIgniter.php(941): App\Controllers\Books->detail('dragonball')
 3 SYSTEMPATH\CodeIgniter.php(502): CodeIgniter\CodeIgniter->runController(Object(App\Controllers\Books))
 4 SYSTEMPATH\CodeIgniter.php(361): CodeIgniter\CodeIgniter->handleRequest(null, Object(Config\Cache), false)
 5 FCPATH\index.php(79): CodeIgniter\CodeIgniter->run()
 6 SYSTEMPATH\Commands\Server\rewrite.php(47): require_once('D:\\cahya2\\pemweb\\pertemuan-4\\public\\index.php')
ERROR - 2024-03-28 11:45:01 --> Error connecting to the database: mysqli_sql_exception: No connection could be made because the target machine actively refused it in D:\cahya2\pemweb\pertemuan-4\vendor\codeigniter4\framework\system\Database\MySQLi\Connection.php:184
Stack trace:
#0 D:\cahya2\pemweb\pertemuan-4\vendor\codeigniter4\framework\system\Database\MySQLi\Connection.php(184): mysqli->real_connect('localhost', 'root', Object(SensitiveParameterValue), 'ci4', 3306, '', 0)
#1 D:\cahya2\pemweb\pertemuan-4\vendor\codeigniter4\framework\system\Database\BaseConnection.php(392): CodeIgniter\Database\MySQLi\Connection->connect(false)
#2 D:\cahya2\pemweb\pertemuan-4\vendor\codeigniter4\framework\system\Database\BaseConnection.php(575): CodeIgniter\Database\BaseConnection->initialize()
#3 D:\cahya2\pemweb\pertemuan-4\vendor\codeigniter4\framework\system\Database\BaseBuilder.php(1616): CodeIgniter\Database\BaseConnection->query('SELECT *\nFROM `...', Array, false)
#4 D:\cahya2\pemweb\pertemuan-4\vendor\codeigniter4\framework\system\Model.php(242): CodeIgniter\Database\BaseBuilder->get()
#5 D:\cahya2\pemweb\pertemuan-4\vendor\codeigniter4\framework\system\BaseModel.php(638): CodeIgniter\Model->doFindAll(0, 0)
#6 D:\cahya2\pemweb\pertemuan-4\app\Models\BooksModel.php(16): CodeIgniter\BaseModel->findAll()
#7 D:\cahya2\pemweb\pertemuan-4\app\Controllers\Books.php(20): App\Models\BooksModel->getBooks()
#8 D:\cahya2\pemweb\pertemuan-4\vendor\codeigniter4\framework\system\CodeIgniter.php(941): App\Controllers\Books->index()
#9 D:\cahya2\pemweb\pertemuan-4\vendor\codeigniter4\framework\system\CodeIgniter.php(502): CodeIgniter\CodeIgniter->runController(Object(App\Controllers\Books))
#10 D:\cahya2\pemweb\pertemuan-4\vendor\codeigniter4\framework\system\CodeIgniter.php(361): CodeIgniter\CodeIgniter->handleRequest(NULL, Object(Config\Cache), false)
#11 D:\cahya2\pemweb\pertemuan-4\public\index.php(79): CodeIgniter\CodeIgniter->run()
#12 D:\cahya2\pemweb\pertemuan-4\vendor\codeigniter4\framework\system\Commands\Server\rewrite.php(47): require_once('D:\\cahya2\\pemwe...')
#13 {main}

Next CodeIgniter\Database\Exceptions\DatabaseException: No connection could be made because the target machine actively refused it in D:\cahya2\pemweb\pertemuan-4\vendor\codeigniter4\framework\system\Database\MySQLi\Connection.php:229
Stack trace:
#0 D:\cahya2\pemweb\pertemuan-4\vendor\codeigniter4\framework\system\Database\BaseConnection.php(392): CodeIgniter\Database\MySQLi\Connection->connect(false)
#1 D:\cahya2\pemweb\pertemuan-4\vendor\codeigniter4\framework\system\Database\BaseConnection.php(575): CodeIgniter\Database\BaseConnection->initialize()
#2 D:\cahya2\pemweb\pertemuan-4\vendor\codeigniter4\framework\system\Database\BaseBuilder.php(1616): CodeIgniter\Database\BaseConnection->query('SELECT *\nFROM `...', Array, false)
#3 D:\cahya2\pemweb\pertemuan-4\vendor\codeigniter4\framework\system\Model.php(242): CodeIgniter\Database\BaseBuilder->get()
#4 D:\cahya2\pemweb\pertemuan-4\vendor\codeigniter4\framework\system\BaseModel.php(638): CodeIgniter\Model->doFindAll(0, 0)
#5 D:\cahya2\pemweb\pertemuan-4\app\Models\BooksModel.php(16): CodeIgniter\BaseModel->findAll()
#6 D:\cahya2\pemweb\pertemuan-4\app\Controllers\Books.php(20): App\Models\BooksModel->getBooks()
#7 D:\cahya2\pemweb\pertemuan-4\vendor\codeigniter4\framework\system\CodeIgniter.php(941): App\Controllers\Books->index()
#8 D:\cahya2\pemweb\pertemuan-4\vendor\codeigniter4\framework\system\CodeIgniter.php(502): CodeIgniter\CodeIgniter->runController(Object(App\Controllers\Books))
#9 D:\cahya2\pemweb\pertemuan-4\vendor\codeigniter4\framework\system\CodeIgniter.php(361): CodeIgniter\CodeIgniter->handleRequest(NULL, Object(Config\Cache), false)
#10 D:\cahya2\pemweb\pertemuan-4\public\index.php(79): CodeIgniter\CodeIgniter->run()
#11 D:\cahya2\pemweb\pertemuan-4\vendor\codeigniter4\framework\system\Commands\Server\rewrite.php(47): require_once('D:\\cahya2\\pemwe...')
#12 {main}
CRITICAL - 2024-03-28 11:45:01 --> CodeIgniter\Database\Exceptions\DatabaseException: Unable to connect to the database.
Main connection [MySQLi]: No connection could be made because the target machine actively refused it
in SYSTEMPATH\Database\BaseConnection.php on line 428.
 1 SYSTEMPATH\Database\BaseConnection.php(575): CodeIgniter\Database\BaseConnection->initialize()
 2 SYSTEMPATH\Database\BaseBuilder.php(1616): CodeIgniter\Database\BaseConnection->query('SELECT *
FROM `books`', [], false)
 3 SYSTEMPATH\Model.php(242): CodeIgniter\Database\BaseBuilder->get()
 4 SYSTEMPATH\BaseModel.php(638): CodeIgniter\Model->doFindAll(0, 0)
 5 APPPATH\Models\BooksModel.php(16): CodeIgniter\BaseModel->findAll()
 6 APPPATH\Controllers\Books.php(20): App\Models\BooksModel->getBooks()
 7 SYSTEMPATH\CodeIgniter.php(941): App\Controllers\Books->index()
 8 SYSTEMPATH\CodeIgniter.php(502): CodeIgniter\CodeIgniter->runController(Object(App\Controllers\Books))
 9 SYSTEMPATH\CodeIgniter.php(361): CodeIgniter\CodeIgniter->handleRequest(null, Object(Config\Cache), false)
10 FCPATH\index.php(79): CodeIgniter\CodeIgniter->run()
11 SYSTEMPATH\Commands\Server\rewrite.php(47): require_once('D:\\cahya2\\pemweb\\pertemuan-4\\public\\index.php')
ERROR - 2024-03-28 11:48:43 --> Error connecting to the database: mysqli_sql_exception: No connection could be made because the target machine actively refused it in D:\cahya2\pemweb\pertemuan-4\vendor\codeigniter4\framework\system\Database\MySQLi\Connection.php:184
Stack trace:
#0 D:\cahya2\pemweb\pertemuan-4\vendor\codeigniter4\framework\system\Database\MySQLi\Connection.php(184): mysqli->real_connect('localhost', 'root', Object(SensitiveParameterValue), 'ci4', 3306, '', 0)
#1 D:\cahya2\pemweb\pertemuan-4\vendor\codeigniter4\framework\system\Database\BaseConnection.php(392): CodeIgniter\Database\MySQLi\Connection->connect(false)
#2 D:\cahya2\pemweb\pertemuan-4\vendor\codeigniter4\framework\system\Database\BaseConnection.php(575): CodeIgniter\Database\BaseConnection->initialize()
#3 D:\cahya2\pemweb\pertemuan-4\vendor\codeigniter4\framework\system\Database\BaseBuilder.php(1616): CodeIgniter\Database\BaseConnection->query('SELECT *\nFROM `...', Array, false)
#4 D:\cahya2\pemweb\pertemuan-4\vendor\codeigniter4\framework\system\Model.php(242): CodeIgniter\Database\BaseBuilder->get()
#5 D:\cahya2\pemweb\pertemuan-4\vendor\codeigniter4\framework\system\BaseModel.php(638): CodeIgniter\Model->doFindAll(0, 0)
#6 D:\cahya2\pemweb\pertemuan-4\app\Models\BooksModel.php(16): CodeIgniter\BaseModel->findAll()
#7 D:\cahya2\pemweb\pertemuan-4\app\Controllers\Books.php(20): App\Models\BooksModel->getBooks()
#8 D:\cahya2\pemweb\pertemuan-4\vendor\codeigniter4\framework\system\CodeIgniter.php(941): App\Controllers\Books->index()
#9 D:\cahya2\pemweb\pertemuan-4\vendor\codeigniter4\framework\system\CodeIgniter.php(502): CodeIgniter\CodeIgniter->runController(Object(App\Controllers\Books))
#10 D:\cahya2\pemweb\pertemuan-4\vendor\codeigniter4\framework\system\CodeIgniter.php(361): CodeIgniter\CodeIgniter->handleRequest(NULL, Object(Config\Cache), false)
#11 D:\cahya2\pemweb\pertemuan-4\public\index.php(79): CodeIgniter\CodeIgniter->run()
#12 D:\cahya2\pemweb\pertemuan-4\vendor\codeigniter4\framework\system\Commands\Server\rewrite.php(47): require_once('D:\\cahya2\\pemwe...')
#13 {main}

Next CodeIgniter\Database\Exceptions\DatabaseException: No connection could be made because the target machine actively refused it in D:\cahya2\pemweb\pertemuan-4\vendor\codeigniter4\framework\system\Database\MySQLi\Connection.php:229
Stack trace:
#0 D:\cahya2\pemweb\pertemuan-4\vendor\codeigniter4\framework\system\Database\BaseConnection.php(392): CodeIgniter\Database\MySQLi\Connection->connect(false)
#1 D:\cahya2\pemweb\pertemuan-4\vendor\codeigniter4\framework\system\Database\BaseConnection.php(575): CodeIgniter\Database\BaseConnection->initialize()
#2 D:\cahya2\pemweb\pertemuan-4\vendor\codeigniter4\framework\system\Database\BaseBuilder.php(1616): CodeIgniter\Database\BaseConnection->query('SELECT *\nFROM `...', Array, false)
#3 D:\cahya2\pemweb\pertemuan-4\vendor\codeigniter4\framework\system\Model.php(242): CodeIgniter\Database\BaseBuilder->get()
#4 D:\cahya2\pemweb\pertemuan-4\vendor\codeigniter4\framework\system\BaseModel.php(638): CodeIgniter\Model->doFindAll(0, 0)
#5 D:\cahya2\pemweb\pertemuan-4\app\Models\BooksModel.php(16): CodeIgniter\BaseModel->findAll()
#6 D:\cahya2\pemweb\pertemuan-4\app\Controllers\Books.php(20): App\Models\BooksModel->getBooks()
#7 D:\cahya2\pemweb\pertemuan-4\vendor\codeigniter4\framework\system\CodeIgniter.php(941): App\Controllers\Books->index()
#8 D:\cahya2\pemweb\pertemuan-4\vendor\codeigniter4\framework\system\CodeIgniter.php(502): CodeIgniter\CodeIgniter->runController(Object(App\Controllers\Books))
#9 D:\cahya2\pemweb\pertemuan-4\vendor\codeigniter4\framework\system\CodeIgniter.php(361): CodeIgniter\CodeIgniter->handleRequest(NULL, Object(Config\Cache), false)
#10 D:\cahya2\pemweb\pertemuan-4\public\index.php(79): CodeIgniter\CodeIgniter->run()
#11 D:\cahya2\pemweb\pertemuan-4\vendor\codeigniter4\framework\system\Commands\Server\rewrite.php(47): require_once('D:\\cahya2\\pemwe...')
#12 {main}
CRITICAL - 2024-03-28 11:48:43 --> CodeIgniter\Database\Exceptions\DatabaseException: Unable to connect to the database.
Main connection [MySQLi]: No connection could be made because the target machine actively refused it
in SYSTEMPATH\Database\BaseConnection.php on line 428.
 1 SYSTEMPATH\Database\BaseConnection.php(575): CodeIgniter\Database\BaseConnection->initialize()
 2 SYSTEMPATH\Database\BaseBuilder.php(1616): CodeIgniter\Database\BaseConnection->query('SELECT *
FROM `books`', [], false)
 3 SYSTEMPATH\Model.php(242): CodeIgniter\Database\BaseBuilder->get()
 4 SYSTEMPATH\BaseModel.php(638): CodeIgniter\Model->doFindAll(0, 0)
 5 APPPATH\Models\BooksModel.php(16): CodeIgniter\BaseModel->findAll()
 6 APPPATH\Controllers\Books.php(20): App\Models\BooksModel->getBooks()
 7 SYSTEMPATH\CodeIgniter.php(941): App\Controllers\Books->index()
 8 SYSTEMPATH\CodeIgniter.php(502): CodeIgniter\CodeIgniter->runController(Object(App\Controllers\Books))
 9 SYSTEMPATH\CodeIgniter.php(361): CodeIgniter\CodeIgniter->handleRequest(null, Object(Config\Cache), false)
10 FCPATH\index.php(79): CodeIgniter\CodeIgniter->run()
11 SYSTEMPATH\Commands\Server\rewrite.php(47): require_once('D:\\cahya2\\pemweb\\pertemuan-4\\public\\index.php')
